<?xml version="1.0" encoding="UTF-8"?>
<testsuite xmlns:xsi="http://www.w3.org/2001/XMLSchema-instance" xsi:noNamespaceSchemaLocation="https://maven.apache.org/surefire/maven-surefire-plugin/xsd/surefire-test-report-3.0.xsd" version="3.0" name="com.oceanview.resort.service.BillingServiceTest" time="0.088" tests="2" errors="0" skipped="0" failures="0">
  <properties>
[...]
</properties>
  <testcase name="testProcessFinalBill" classname="com.oceanview.resort.service.BillingServiceTest" time="0.075">
    <system-out><![CDATA[--> [DB SUCCESS] Connected to 'resort' database.
--> [SERVICE] Bill calculated for Reservation #1
--> [TEST SUCCESS] testProcessFinalBill passed for Reservation ID: 1
]]></system-out>
  </testcase>
  <testcase name="testGetTotalAmount" classname="com.oceanview.resort.service.BillingServiceTest" time="0.011">
    <system-out><![CDATA[--> [DB SUCCESS] Connected to 'resort' database.
--> [TEST INFO] Total amount is 0. Ensure the CalculateReservationBill procedure has run.
]]></system-out>
  </testcase>
</testsuite>